<?xml version="1.0" encoding="UTF-8"?>
<testsuite name="getArticlesConduitAppToken" tests="1" skipped="0" failures="0" errors="0" timestamp="2022-01-25T13:21:47" hostname="QV-1783" time="7.287">
  <properties/>
  <testcase name="getArticles" classname="getArticlesConduitAppToken" time="7.287"/>
  <system-out><![CDATA[Request method:	POST
Request URI:	https://api.realworld.io/api/users/login
Proxy:			<none>
Request params:	<none>
Query params:	<none>
Form params:	<none>
Path params:	<none>
Headers:		Accept=*/*
				Content-Type=application/json; charset=UTF-8
Cookies:		<none>
Multiparts:		<none>
Body:
{
    "user": {
        "email": "luffy@gmail.com",
        "password": "todomelo"
    }
}
HTTP/1.1 200 OK
Date: Tue, 25 Jan 2022 13:21:51 GMT
Content-Type: application/json; charset=utf-8
Transfer-Encoding: chunked
Connection: keep-alive
x-powered-by: Express
access-control-allow-origin: *
etag: W/"209-IVqg0/UqlxJ3bgO+mGcr0rESIIY"
via: 1.1 vegur
CF-Cache-Status: DYNAMIC
Expect-CT: max-age=604800, report-uri="https://report-uri.cloudflare.com/cdn-cgi/beacon/expect-ct"
Report-To: {"endpoints":[{"url":"https:\/\/a.nel.cloudflare.com\/report\/v3?s=QDp5cthAj38sERkdNAKezrXaObh3ym9j5EGxsO%2BY6J0Yp3gd5JKruLhWbw9dxaYy72PVc6Je8AEn5fRvLNQZmRwK1NS10awhHR5AIlqJYGu0IU1Gb9NuxuoHQMFP2%2FsGO16f"}],"group":"cf-nel","max_age":604800}
NEL: {"success_fraction":0,"report_to":"cf-nel","max_age":604800}
Server: cloudflare
CF-RAY: 6d31ce9a7fca8d9d-MIA
Content-Encoding: gzip
alt-svc: h3=":443"; ma=86400, h3-29=":443"; ma=86400

{
    "user": {
        "email": "luffy@gmail.com",
        "username": "Aczino",
        "bio": null,
        "image": "https://api.realworld.io/images/smiley-cyrus.jpeg",
        "token": "eyJhbGciOiJIUzI1NiIsInR5cCI6IkpXVCJ9.eyJlbWFpbCI6Imx1ZmZ5QGdtYWlsLmNvbSIsInVzZXJuYW1lIjoiQWN6aW5vIiwicGFzc3dvcmQiOiIkMmEkMTAkcXVmWVF6bVNSVlNMb1RsU3Z2MTllT3V3RThLUFNFakdoakFSZ1Y5WnlyZkZCWFdSYndkTmEiLCJiaW8iOm51bGwsImltYWdlIjoiaHR0cHM6Ly9hcGkucmVhbHdvcmxkLmlvL2ltYWdlcy9zbWlsZXktY3lydXMuanBlZyIsImlhdCI6MTY0MzExNjkxMSwiZXhwIjoxNjQ4MzAwOTExfQ.g8LgkvEbilVUC82C5QHimvFfV1V7kZqRIC0xbc5PQq4"
    }
}
Request method:	GET
Request URI:	https://api.realworld.io/api/articles?limit=10&offset=0
Proxy:			<none>
Request params:	<none>
Query params:	<none>
Form params:	<none>
Path params:	<none>
Headers:		Accept=*/*
				Content-Type=application/json; charset=UTF-8
Cookies:		<none>
Multiparts:		<none>
Body:			<none>
HTTP/1.1 200 OK
Date: Tue, 25 Jan 2022 13:21:54 GMT
Content-Type: application/json; charset=utf-8
Transfer-Encoding: chunked
Connection: keep-alive
x-powered-by: Express
access-control-allow-origin: *
etag: W/"b81-UW387o+STYaIUQgSDKYrPKPssKI"
via: 1.1 vegur
CF-Cache-Status: DYNAMIC
Expect-CT: max-age=604800, report-uri="https://report-uri.cloudflare.com/cdn-cgi/beacon/expect-ct"
Report-To: {"endpoints":[{"url":"https:\/\/a.nel.cloudflare.com\/report\/v3?s=is8L7Svq2Z1BlcAG8opHsuSoMBQN37p6H1OsR1AooC8DeJO5RuEcsLW4sqVgTYUiZaqhqXv0om4qcfGS5PfwDvm4o93CCC9CWBLYU5Wh0MCPZjHs%2BqNxbPj8ySsYw2qdJMaa"}],"group":"cf-nel","max_age":604800}
NEL: {"success_fraction":0,"report_to":"cf-nel","max_age":604800}
Server: cloudflare
CF-RAY: 6d31ceab4ab021f1-MIA
Content-Encoding: gzip
alt-svc: h3=":443"; ma=86400, h3-29=":443"; ma=86400

{
    "articles": [
        {
            "slug": "Quence-9532",
            "title": "Quence",
            "description": "Porque es el universo",
            "body": "When the snows fall and the white winds blow, the lone wolf dies but the pack survives.",
            "createdAt": "2022-01-14T16:23:50.502Z",
            "updatedAt": "2022-01-19T16:48:14.166Z",
            "tagList": [
                "El universo"
            ],
            "author": {
                "username": "Aczino",
                "bio": null,
                "image": "https://api.realworld.io/images/smiley-cyrus.jpeg",
                "following": false
            },
            "favoritesCount": 1,
            "favorited": true
        },
        {
            "slug": "El-universo-9532",
            "title": "El universo",
            "description": "Porque es el universo",
            "body": "Que hacemos nosotros en el universo",
            "createdAt": "2022-01-14T15:27:33.451Z",
            "updatedAt": "2022-01-14T15:27:33.451Z",
            "tagList": [
                "El universo"
            ],
            "author": {
                "username": "Aczino",
                "bio": null,
                "image": "https://api.realworld.io/images/smiley-cyrus.jpeg",
                "following": false
            },
            "favoritesCount": 1,
            "favorited": true
        },
        {
            "slug": "Barras-9532",
            "title": "Barras",
            "description": "Barras, pensalas",
            "body": "Tienes la tinta hasta el cuello",
            "createdAt": "2022-01-11T15:55:17.843Z",
            "updatedAt": "2022-01-21T13:02:58.346Z",
            "tagList": [
                
            ],
            "author": {
                "username": "Aczino",
                "bio": null,
                "image": "https://api.realworld.io/images/smiley-cyrus.jpeg",
                "following": false
            },
            "favoritesCount": 0,
            "favorited": false
        },
        {
            "slug": "Create-a-new-implementation-1",
            "title": "Create a new implementation",
            "description": "join the community by creating a new implementation",
            "body": "Share your knowledge and enpower the community by creating a new implementation",
            "createdAt": "2021-11-24T12:11:08.212Z",
            "updatedAt": "2021-11-24T12:11:08.212Z",
            "tagList": [
                "implementations"
            ],
            "author": {
                "username": "Gerome",
                "bio": null,
                "image": "https://api.realworld.io/images/demo-avatar.png",
                "following": false
            },
            "favoritesCount": 908,
            "favorited": false
        },
        {
            "slug": "Explore-implementations-1",
            "title": "Explore implementations",
            "description": "discover the implementations created by the RealWorld community",
            "body": "Over 100 implementations have been created using various languages, libraries, and frameworks.\n\nExplore them on CodebaseShow.",
            "createdAt": "2021-11-24T12:11:07.952Z",
            "updatedAt": "2021-11-24T12:11:07.952Z",
            "tagList": [
                "codebaseShow",
                "implementations"
            ],
            "author": {
                "username": "Gerome",
                "bio": null,
                "image": "https://api.realworld.io/images/demo-avatar.png",
                "following": false
            },
            "favoritesCount": 573,
            "favorited": false
        },
        {
            "slug": "Welcome-to-RealWorld-project-1",
            "title": "Welcome to RealWorld project",
            "description": "Exemplary fullstack Medium.com clone powered by React, Angular, Node, Django, and many more",
            "body": "See how the exact same Medium.com clone (called Conduit) is built using different frontends and backends. Yes, you can mix and match them, because they all adhere to the same API spec",
            "createdAt": "2021-11-24T12:11:07.557Z",
            "updatedAt": "2021-11-24T12:11:07.557Z",
            "tagList": [
                "welcome",
                "introduction"
            ],
            "author": {
                "username": "Gerome",
                "bio": null,
                "image": "https://api.realworld.io/images/demo-avatar.png",
                "following": false
            },
            "favoritesCount": 369,
            "favorited": false
        }
    ],
    "articlesCount": 6
}
]]></system-out>
  <system-err><![CDATA[]]></system-err>
</testsuite>
